{"/Users/aislinn.hayes/code/vitest-coverage-bug/vitest.shared.ts": {"path":"/Users/aislinn.hayes/code/vitest-coverage-bug/vitest.shared.ts","all":true,"statementMap":{"0":{"start":{"line":1,"column":0},"end":{"line":1,"column":45}},"1":{"start":{"line":2,"column":0},"end":{"line":2,"column":0}},"2":{"start":{"line":3,"column":0},"end":{"line":3,"column":29}},"3":{"start":{"line":4,"column":0},"end":{"line":4,"column":9}},"4":{"start":{"line":5,"column":0},"end":{"line":5,"column":15}},"5":{"start":{"line":6,"column":0},"end":{"line":6,"column":19}},"6":{"start":{"line":7,"column":0},"end":{"line":7,"column":23}},"7":{"start":{"line":8,"column":0},"end":{"line":8,"column":21}},"8":{"start":{"line":9,"column":0},"end":{"line":9,"column":22}},"9":{"start":{"line":10,"column":0},"end":{"line":10,"column":18}},"10":{"start":{"line":11,"column":0},"end":{"line":11,"column":8}},"11":{"start":{"line":12,"column":0},"end":{"line":12,"column":25}},"12":{"start":{"line":13,"column":0},"end":{"line":13,"column":28}},"13":{"start":{"line":14,"column":0},"end":{"line":14,"column":33}},"14":{"start":{"line":15,"column":0},"end":{"line":15,"column":6}},"15":{"start":{"line":16,"column":0},"end":{"line":16,"column":23}},"16":{"start":{"line":17,"column":0},"end":{"line":17,"column":27}},"17":{"start":{"line":18,"column":0},"end":{"line":18,"column":26}},"18":{"start":{"line":19,"column":0},"end":{"line":19,"column":4}},"19":{"start":{"line":20,"column":0},"end":{"line":20,"column":3}}},"s":{"0":0,"1":0,"2":0,"3":0,"4":0,"5":0,"6":0,"7":0,"8":0,"9":0,"10":0,"11":0,"12":0,"13":0,"14":0,"15":0,"16":0,"17":0,"18":0,"19":0},"branchMap":{"0":{"type":"branch","line":1,"loc":{"start":{"line":1,"column":0},"end":{"line":20,"column":3}},"locations":[{"start":{"line":1,"column":0},"end":{"line":20,"column":3}}]}},"b":{"0":[0]},"fnMap":{"0":{"name":"(empty-report)","decl":{"start":{"line":1,"column":0},"end":{"line":20,"column":3}},"loc":{"start":{"line":1,"column":0},"end":{"line":20,"column":3}},"line":1}},"f":{"0":0}}
,"/Users/aislinn.hayes/code/vitest-coverage-bug/packages/is-even/index.ts": {"path":"/Users/aislinn.hayes/code/vitest-coverage-bug/packages/is-even/index.ts","all":false,"statementMap":{"0":{"start":{"line":1,"column":0},"end":{"line":1,"column":49}}},"s":{"0":1},"branchMap":{"0":{"type":"branch","line":1,"loc":{"start":{"line":1,"column":22},"end":{"line":1,"column":49}},"locations":[{"start":{"line":1,"column":22},"end":{"line":1,"column":49}}]}},"b":{"0":[1]},"fnMap":{"0":{"name":"isEven","decl":{"start":{"line":1,"column":22},"end":{"line":1,"column":49}},"loc":{"start":{"line":1,"column":22},"end":{"line":1,"column":49}},"line":1}},"f":{"0":1}}
,"/Users/aislinn.hayes/code/vitest-coverage-bug/packages/is-odd/index.ts": {"path":"/Users/aislinn.hayes/code/vitest-coverage-bug/packages/is-odd/index.ts","all":false,"statementMap":{"0":{"start":{"line":1,"column":0},"end":{"line":1,"column":33}},"1":{"start":{"line":2,"column":0},"end":{"line":2,"column":0}},"2":{"start":{"line":3,"column":0},"end":{"line":3,"column":47}}},"s":{"0":1,"1":1,"2":1},"branchMap":{"0":{"type":"branch","line":3,"loc":{"start":{"line":3,"column":21},"end":{"line":3,"column":47}},"locations":[{"start":{"line":3,"column":21},"end":{"line":3,"column":47}}]}},"b":{"0":[1]},"fnMap":{"0":{"name":"isOdd","decl":{"start":{"line":3,"column":21},"end":{"line":3,"column":47}},"loc":{"start":{"line":3,"column":21},"end":{"line":3,"column":47}},"line":3}},"f":{"0":1}}
}
